<?xml version="1.0" encoding="UTF-8"?>
<testsuite xmlns:xsi="http://www.w3.org/2001/XMLSchema-instance" xsi:noNamespaceSchemaLocation="https://maven.apache.org/surefire/maven-surefire-plugin/xsd/surefire-test-report.xsd" name="Selenium.Cucumber.Runner_Header_check" time="105.308" tests="5" errors="0" skipped="0" failures="0">
  <properties>
[...]
</properties>
  <testcase name="When Verify Ideaboard icon appear and clickable from Homepage" classname="Scenario: Verify Ideaboard,Signin,Registry,Cart icon is present in header and clickable" time="0"/>
  <testcase name="Then Verify cart icon appear and clickable from Homepage" classname="Scenario: Verify Ideaboard,Signin,Registry,Cart icon is present in header and clickable" time="0"/>
  <testcase name="And Verify registry appear and clickable from Homepage" classname="Scenario: Verify Ideaboard,Signin,Registry,Cart icon is present in header and clickable" time="0"/>
  <testcase name="And Verify signin icon appear and clickable from Homepage" classname="Scenario: Verify Ideaboard,Signin,Registry,Cart icon is present in header and clickable" time="0"/>
  <testcase name="Scenario: Verify Ideaboard,Signin,Registry,Cart icon is present in header and clickable" classname="Scenario: Verify Ideaboard,Signin,Registry,Cart icon is present in header and clickable" time="0.27"/>
</testsuite>